<?xml version="1.0" encoding="UTF-8"?>
<!-- Generated by org.testng.reporters.JUnitReportReporter -->
<testsuite hostname="DESKTOP-45QFC8N" failures="0" tests="2" name="qaclickacademy.SeleniumTest" time="0.016" errors="0" timestamp="2022-12-31T17:58:25 IST" skipped="0">
  <testcase classname="qaclickacademy.SeleniumTest" name="BrowserAUtomation" time="0.013"/>
  <system-out/>
  <testcase classname="qaclickacademy.SeleniumTest" name="elementsUi" time="0.003"/>
  <system-out/>
</testsuite> <!-- qaclickacademy.SeleniumTest -->
