<?xml version="1.0" encoding="UTF-8"?>
<!-- Generated by org.testng.reporters.JUnitReportReporter -->
<testsuite hostname="DESKTOP-45QFC8N" failures="0" tests="2" name="qaclickacademy.AppiumTest" time="0.017" errors="0" timestamp="2022-12-31T17:58:09 IST" skipped="0">
  <testcase classname="qaclickacademy.AppiumTest" name="IOSApps" time="0.014"/>
  <system-out/>
  <testcase classname="qaclickacademy.AppiumTest" name="NativeAPpAndroid" time="0.003"/>
  <system-out/>
</testsuite> <!-- qaclickacademy.AppiumTest -->
