<?xml version="1.0" encoding="UTF-8"?>
<!-- Generated by org.testng.reporters.JUnitReportReporter -->
<testsuite hostname="DESKTOP-45QFC8N" failures="0" tests="2" name="qaclickacademy.RESTAPITest" time="0.015" errors="0" timestamp="2022-12-31T17:58:16 IST" skipped="0">
  <testcase classname="qaclickacademy.RESTAPITest" name="deleteTwitter" time="0.013"/>
  <system-out/>
  <testcase classname="qaclickacademy.RESTAPITest" name="postJira" time="0.002"/>
  <system-out/>
</testsuite> <!-- qaclickacademy.RESTAPITest -->
